<?xml version='1.0' encoding='UTF-8'?>
<testsuite hostname="BrunoF-PC" name="EtlTest" tests="4" errors="0" failures="0" skipped="3" time="0.072">
                     <properties>
[...]
</properties>
                     <testcase classname="EtlTest" name="a single letter" time="0.067">
                                                 
                                               </testcase><testcase classname="EtlTest" name="single score with multiple letters" time="0.002">
                                                 <skipped/>
                                               </testcase><testcase classname="EtlTest" name="multiple scores with multiple letters" time="0.001">
                                                 <skipped/>
                                               </testcase><testcase classname="EtlTest" name="multiple scores with differing numbers of letters" time="0.002">
                                                 <skipped/>
                                               </testcase>
                     <system-out></system-out>
                     <system-err></system-err>
                   </testsuite>